[    0.000000] Linux version 4.15.0-167-generic (buildd@lcy02-amd64-045) (gcc version 7.5.0 (Ubuntu 7.5.0-3ubuntu1~18.04)) #175-Ubuntu SMP Wed Jan 5 01:56:07 UTC 2022 (Ubuntu 4.15.0-167.175-generic 4.15.18)
[    0.000000] Command line: BOOT_IMAGE=/boot/vmlinuz-4.15.0-167-generic root=LABEL=cloudimg-rootfs ro console=tty1 console=ttyS0
[    0.000000] KERNEL supported cpus:
[    0.000000]   Intel GenuineIntel
[    0.000000]   AMD AuthenticAMD
[    0.000000]   Centaur CentaurHauls
[    0.000000] x86/fpu: Supporting XSAVE feature 0x001: 'x87 floating point registers'
[    0.000000] x86/fpu: Supporting XSAVE feature 0x002: 'SSE registers'
[    0.000000] x86/fpu: Supporting XSAVE feature 0x004: 'AVX registers'
[    0.000000] x86/fpu: xstate_offset[2]:  576, xstate_sizes[2]:  256
[    0.000000] x86/fpu: Enabled xstate features 0x7, context size is 832 bytes, using 'standard' format.
[    0.000000] e820: BIOS-provided physical RAM map:
[    0.000000] BIOS-e820: [mem 0x0000000000000000-0x000000000009fbff] usable
[    0.000000] BIOS-e820: [mem 0x000000000009fc00-0x000000000009ffff] reserved
[    0.000000] BIOS-e820: [mem 0x00000000000f0000-0x00000000000fffff] reserved
[    0.000000] BIOS-e820: [mem 0x0000000000100000-0x000000007ffeffff] usable
[    0.000000] BIOS-e820: [mem 0x000000007fff0000-0x000000007fffffff] ACPI data
[    0.000000] BIOS-e820: [mem 0x00000000fec00000-0x00000000fec00fff] reserved
[    0.000000] BIOS-e820: [mem 0x00000000fee00000-0x00000000fee00fff] reserved
[    0.000000] BIOS-e820: [mem 0x00000000fffc0000-0x00000000ffffffff] reserved
[    0.000000] NX (Execute Disable) protection: active
[    0.000000] SMBIOS 2.5 present.
[    0.000000] DMI: innotek GmbH VirtualBox/VirtualBox, BIOS VirtualBox 12/01/2006
[    0.000000] Hypervisor detected: KVM
[    0.000000] e820: last_pfn = 0x7fff0 max_arch_pfn = 0x400000000
[    0.000000] MTRR: Disabled
[    0.000000] x86/PAT: MTRRs disabled, skipping PAT initialization too.
[    0.000000] CPU MTRRs all blank - virtualized system.
[    0.000000] x86/PAT: Configuration [0-7]: WB  WT  UC- UC  WB  WT  UC- UC  
[    0.000000] found SMP MP-table at [mem 0x0009fff0-0x0009ffff]
[    0.000000] Scanning 1 areas for low memory corruption
[    0.000000] RAMDISK: [mem 0x359c9000-0x36cdbfff]
[    0.000000] ACPI: Early table checksum verification disabled
[    0.000000] ACPI: RSDP 0x00000000000E0000 000024 (v02 VBOX  )
[    0.000000] ACPI: XSDT 0x000000007FFF0030 00003C (v01 VBOX   VBOXXSDT 00000001 ASL  00000061)
[    0.000000] ACPI: FACP 0x000000007FFF00F0 0000F4 (v04 VBOX   VBOXFACP 00000001 ASL  00000061)
[    0.000000] ACPI: DSDT 0x000000007FFF0470 002325 (v02 VBOX   VBOXBIOS 00000002 INTL 20120111)
[    0.000000] ACPI: FACS 0x000000007FFF0200 000040
[    0.000000] ACPI: FACS 0x000000007FFF0200 000040
[    0.000000] ACPI: APIC 0x000000007FFF0240 00005C (v02 VBOX   VBOXAPIC 00000001 ASL  00000061)
[    0.000000] ACPI: SSDT 0x000000007FFF02A0 0001CC (v01 VBOX   VBOXCPUT 00000002 INTL 20120111)
[    0.000000] ACPI: Reserving FACP table memory at [mem 0x7fff00f0-0x7fff01e3]
[    0.000000] ACPI: Reserving DSDT table memory at [mem 0x7fff0470-0x7fff2794]
[    0.000000] ACPI: Reserving FACS table memory at [mem 0x7fff0200-0x7fff023f]
[    0.000000] ACPI: Reserving FACS table memory at [mem 0x7fff0200-0x7fff023f]
[    0.000000] ACPI: Reserving APIC table memory at [mem 0x7fff0240-0x7fff029b]
[    0.000000] ACPI: Reserving SSDT table memory at [mem 0x7fff02a0-0x7fff046b]
[    0.000000] No NUMA configuration found
[    0.000000] Faking a node at [mem 0x0000000000000000-0x000000007ffeffff]
[    0.000000] NODE_DATA(0) allocated [mem 0x7ffc5000-0x7ffeffff]
[    0.000000] kvm-clock: cpu 0, msr 0:7ff44001, primary cpu clock
[    0.000000] kvm-clock: Using msrs 4b564d01 and 4b564d00
[    0.000000] kvm-clock: using sched offset of 4277145233 cycles
[    0.000000] clocksource: kvm-clock: mask: 0xffffffffffffffff max_cycles: 0x1cd42e4dffb, max_idle_ns: 881590591483 ns
[    0.000000] Zone ranges:
[    0.000000]   DMA      [mem 0x0000000000001000-0x0000000000ffffff]
[    0.000000]   DMA32    [mem 0x0000000001000000-0x000000007ffeffff]
[    0.000000]   Normal   empty
[    0.000000]   Device   empty
[    0.000000] Movable zone start for each node
[    0.000000] Early memory node ranges
[    0.000000]   node   0: [mem 0x0000000000001000-0x000000000009efff]
[    0.000000]   node   0: [mem 0x0000000000100000-0x000000007ffeffff]
[    0.000000] Reserved but unavailable: 104 pages
[    0.000000] Initmem setup node 0 [mem 0x0000000000001000-0x000000007ffeffff]
[    0.000000] ACPI: PM-Timer IO Port: 0x4008
[    0.000000] IOAPIC[0]: apic_id 2, version 32, address 0xfec00000, GSI 0-23
[    0.000000] ACPI: INT_SRC_OVR (bus 0 bus_irq 0 global_irq 2 dfl dfl)
[    0.000000] ACPI: INT_SRC_OVR (bus 0 bus_irq 9 global_irq 9 low level)
[    0.000000] Using ACPI (MADT) for SMP configuration information
[    0.000000] smpboot: Allowing 2 CPUs, 0 hotplug CPUs
[    0.000000] PM: Registered nosave memory: [mem 0x00000000-0x00000fff]
[    0.000000] PM: Registered nosave memory: [mem 0x0009f000-0x0009ffff]
[    0.000000] PM: Registered nosave memory: [mem 0x000a0000-0x000effff]
[    0.000000] PM: Registered nosave memory: [mem 0x000f0000-0x000fffff]
[    0.000000] e820: [mem 0x80000000-0xfebfffff] available for PCI devices
[    0.000000] Booting paravirtualized kernel on KVM
[    0.000000] clocksource: refined-jiffies: mask: 0xffffffff max_cycles: 0xffffffff, max_idle_ns: 7645519600211568 ns
[    0.000000] random: get_random_bytes called from start_kernel+0x99/0x500 with crng_init=0
[    0.000000] setup_percpu: NR_CPUS:8192 nr_cpumask_bits:2 nr_cpu_ids:2 nr_node_ids:1
[    0.000000] percpu: Embedded 50 pages/cpu s167936 r8192 d28672 u1048576
[    0.000000] PV qspinlock hash table entries: 256 (order: 0, 4096 bytes)
[    0.000000] Built 1 zonelists, mobility grouping on.  Total pages: 515961
[    0.000000] Policy zone: DMA32
[    0.000000] Kernel command line: BOOT_IMAGE=/boot/vmlinuz-4.15.0-167-generic root=LABEL=cloudimg-rootfs ro console=tty1 console=ttyS0
[    0.000000] Memory: 2014828K/2096696K available (12300K kernel code, 2483K rwdata, 4324K rodata, 2476K init, 2724K bss, 81868K reserved, 0K cma-reserved)
[    0.000000] SLUB: HWalign=64, Order=0-3, MinObjects=0, CPUs=2, Nodes=1
[    0.000000] Kernel/User page tables isolation: enabled
[    0.000000] ftrace: allocating 39494 entries in 155 pages
[    0.004000] Hierarchical RCU implementation.
[    0.004000] 	RCU restricting CPUs from NR_CPUS=8192 to nr_cpu_ids=2.
[    0.004000] 	Tasks RCU enabled.
[    0.004000] RCU: Adjusting geometry for rcu_fanout_leaf=16, nr_cpu_ids=2
[    0.004000] NR_IRQS: 524544, nr_irqs: 440, preallocated irqs: 16
[    0.004000] Console: colour VGA+ 80x25
[    0.004000] console [tty1] enabled
[    0.004000] console [ttyS0] enabled
[    0.004000] ACPI: Core revision 20170831
[    0.004000] ACPI: 2 ACPI AML tables successfully acquired and loaded
[    0.004000] APIC: Switch to symmetric I/O mode setup
[    0.004000] x2apic enabled
[    0.004000] Switched APIC routing to physical x2apic.
[    0.004000] ..TIMER: vector=0x30 apic1=0 pin1=2 apic2=-1 pin2=-1
[    0.004004] tsc: Detected 1996.799 MHz processor
[    0.004975] Calibrating delay loop (skipped) preset value.. 3993.59 BogoMIPS (lpj=7987196)
[    0.008004] pid_max: default: 32768 minimum: 301
[    0.009121] Security Framework initialized
[    0.010163] Yama: becoming mindful.
[    0.010970] AppArmor: AppArmor initialized
[    0.013888] Dentry cache hash table entries: 262144 (order: 9, 2097152 bytes)
[    0.017915] Inode-cache hash table entries: 131072 (order: 8, 1048576 bytes)
[    0.019407] Mount-cache hash table entries: 4096 (order: 3, 32768 bytes)
[    0.020008] Mountpoint-cache hash table entries: 4096 (order: 3, 32768 bytes)
[    0.021630] Last level iTLB entries: 4KB 0, 2MB 0, 4MB 0
[    0.022732] Last level dTLB entries: 4KB 0, 2MB 0, 4MB 0, 1GB 0
[    0.024006] Spectre V1 : Mitigation: usercopy/swapgs barriers and __user pointer sanitization
[    0.025825] Spectre V2 : Mitigation: Full generic retpoline
[    0.027011] Spectre V2 : Spectre v2 / SpectreRSB mitigation: Filling RSB on context switch
[    0.028004] Speculative Store Bypass: Vulnerable
[    0.029038] MDS: Mitigation: Clear CPU buffers
[    0.030127] Freeing SMP alternatives memory: 36K
[    0.143456] smpboot: CPU0: Intel(R) Core(TM) i5-1038NG7 CPU @ 2.00GHz (family: 0x6, model: 0x7e, stepping: 0x5)
[    0.144000] Performance Events: unsupported p6 CPU model 126 no PMU driver, software events only.
[    0.144034] Hierarchical SRCU implementation.
[    0.148529] NMI watchdog: Perf event create on CPU 0 failed with -2
[    0.149773] NMI watchdog: Perf NMI watchdog permanently disabled
[    0.151152] smp: Bringing up secondary CPUs ...
[    0.152094] x86: Booting SMP configuration:
[    0.152948] .... node  #0, CPUs:      #1
[    0.004000] kvm-clock: cpu 1, msr 0:7ff44041, secondary cpu clock
[    0.156101] smp: Brought up 1 node, 2 CPUs
[    0.156945] smpboot: Max logical packages: 1
[    0.157807] smpboot: Total of 2 processors activated (7987.19 BogoMIPS)
[    0.160148] devtmpfs: initialized
[    0.160787] x86/mm: Memory block size: 128MB
[    0.161961] evm: security.selinux
[    0.162906] evm: security.SMACK64
[    0.164007] evm: security.SMACK64EXEC
[    0.164821] evm: security.SMACK64TRANSMUTE
[    0.166317] evm: security.SMACK64MMAP
[    0.167302] evm: security.apparmor
[    0.168009] evm: security.ima
[    0.168696] evm: security.capability
[    0.169543] clocksource: jiffies: mask: 0xffffffff max_cycles: 0xffffffff, max_idle_ns: 7645041785100000 ns
[    0.172023] futex hash table entries: 512 (order: 3, 32768 bytes)
[    0.173550] pinctrl core: initialized pinctrl subsystem
[    0.174917] RTC time: 17:16:27, date: 02/27/22
[    0.176235] NET: Registered protocol family 16
[    0.177446] audit: initializing netlink subsys (disabled)
[    0.178760] audit: type=2000 audit(1645982193.210:1): state=initialized audit_enabled=0 res=1
[    0.180015] cpuidle: using governor ladder
[    0.180962] cpuidle: using governor menu
[    0.181849] ACPI: bus type PCI registered
[    0.184009] acpiphp: ACPI Hot Plug PCI Controller Driver version: 0.5
[    0.185499] PCI: Using configuration type 1 for base access
[    0.190050] HugeTLB registered 2.00 MiB page size, pre-allocated 0 pages
[    0.192090] ACPI: Added _OSI(Module Device)
[    0.192090] ACPI: Added _OSI(Processor Device)
[    0.193018] ACPI: Added _OSI(3.0 _SCP Extensions)
[    0.194012] ACPI: Added _OSI(Processor Aggregator Device)
[    0.196050] ACPI: Added _OSI(Linux-Dell-Video)
[    0.197073] ACPI: Added _OSI(Linux-Lenovo-NV-HDMI-Audio)
[    0.198200] ACPI: Added _OSI(Linux-HPI-Hybrid-Graphics)
[    0.200009] ACPI: Executed 1 blocks of module-level executable AML code
[    0.205012] ACPI: Interpreter enabled
[    0.205995] ACPI: (supports S0 S5)
[    0.206901] ACPI: Using IOAPIC for interrupt routing
[    0.208000] PCI: Using host bridge windows from ACPI; if necessary, use "pci=nocrs" and report a bug
[    0.208223] ACPI: Enabled 2 GPEs in block 00 to 07
[    0.217379] ACPI: PCI Root Bridge [PCI0] (domain 0000 [bus 00-ff])
[    0.218639] acpi PNP0A03:00: _OSC: OS supports [ASPM ClockPM Segments MSI]
[    0.220167] acpi PNP0A03:00: _OSC: not requesting OS control; OS requires [ExtendedConfig ASPM ClockPM MSI]
[    0.222198] acpi PNP0A03:00: fail to add MMCONFIG information, can't access extended PCI configuration space under this bridge.
[    0.224514] PCI host bridge to bus 0000:00
[    0.225442] pci_bus 0000:00: root bus resource [io  0x0000-0x0cf7 window]
[    0.228013] pci_bus 0000:00: root bus resource [io  0x0d00-0xffff window]
[    0.229428] pci_bus 0000:00: root bus resource [mem 0x000a0000-0x000bffff window]
[    0.231013] pci_bus 0000:00: root bus resource [mem 0x80000000-0xfdffffff window]
[    0.236007] pci_bus 0000:00: root bus resource [bus 00-ff]
[    0.238899] pci 0000:00:01.1: legacy IDE quirk: reg 0x10: [io  0x01f0-0x01f7]
[    0.240010] pci 0000:00:01.1: legacy IDE quirk: reg 0x14: [io  0x03f6]
[    0.241363] pci 0000:00:01.1: legacy IDE quirk: reg 0x18: [io  0x0170-0x0177]
[    0.242791] pci 0000:00:01.1: legacy IDE quirk: reg 0x1c: [io  0x0376]
[    0.267833] pci 0000:00:07.0: quirk: [io  0x4000-0x403f] claimed by PIIX4 ACPI
[    0.268021] pci 0000:00:07.0: quirk: [io  0x4100-0x410f] claimed by PIIX4 SMB
[    0.286238] ACPI: PCI Interrupt Link [LNKA] (IRQs 5 9 10 *11)
[    0.287816] ACPI: PCI Interrupt Link [LNKB] (IRQs 5 9 *10 11)
[    0.288113] ACPI: PCI Interrupt Link [LNKC] (IRQs 5 *9 10 11)
[    0.289462] ACPI: PCI Interrupt Link [LNKD] (IRQs 5 9 10 *11)
[    0.292069] SCSI subsystem initialized
[    0.292889] pci 0000:00:02.0: vgaarb: setting as boot VGA device
[    0.293372] pci 0000:00:02.0: vgaarb: VGA device added: decodes=io+mem,owns=io+mem,locks=none
[    0.295320] pci 0000:00:02.0: vgaarb: bridge control possible
[    0.296013] vgaarb: loaded
[    0.296685] ACPI: bus type USB registered
[    0.297695] usbcore: registered new interface driver usbfs
[    0.300038] usbcore: registered new interface driver hub
[    0.301957] usbcore: registered new device driver usb
[    0.304068] EDAC MC: Ver: 3.0.0
[    0.305004] PCI: Using ACPI for IRQ routing
[    0.308075] NetLabel: Initializing
[    0.309758] NetLabel:  domain hash size = 128
[    0.316008] NetLabel:  protocols = UNLABELED CIPSOv4 CALIPSO
[    0.317433] NetLabel:  unlabeled traffic allowed by default
[    0.320085] clocksource: Switched to clocksource kvm-clock
[    0.336875] VFS: Disk quotas dquot_6.6.0
[    0.337951] VFS: Dquot-cache hash table entries: 512 (order 0, 4096 bytes)
[    0.339672] AppArmor: AppArmor Filesystem Enabled
[    0.340781] pnp: PnP ACPI init
[    0.343030] pnp: PnP ACPI: found 3 devices
[    0.349886] clocksource: acpi_pm: mask: 0xffffff max_cycles: 0xffffff, max_idle_ns: 2085701024 ns
[    0.351778] NET: Registered protocol family 2
[    0.352805] IP idents hash table entries: 32768 (order: 6, 262144 bytes)
[    0.354697] TCP established hash table entries: 16384 (order: 5, 131072 bytes)
[    0.356694] TCP bind hash table entries: 16384 (order: 6, 262144 bytes)
[    0.359876] TCP: Hash tables configured (established 16384 bind 16384)
[    0.361364] UDP hash table entries: 1024 (order: 3, 32768 bytes)
[    0.362620] UDP-Lite hash table entries: 1024 (order: 3, 32768 bytes)
[    0.363936] NET: Registered protocol family 1
[    0.365006] pci 0000:00:00.0: Limiting direct PCI/PCI transfers
[    0.366258] pci 0000:00:01.0: Activating ISA DMA hang workarounds
[    0.367579] pci 0000:00:02.0: Video device with shadowed ROM at [mem 0x000c0000-0x000dffff]
[    0.369653] Unpacking initramfs...
[    0.693359] Freeing initrd memory: 19532K
[    0.695041] clocksource: tsc: mask: 0xffffffffffffffff max_cycles: 0x3990bc5adef, max_idle_ns: 881590438240 ns
[    0.697833] platform rtc_cmos: registered platform RTC device (no PNP device found)
[    0.699427] Scanning for low memory corruption every 60 seconds
[    0.701325] Initialise system trusted keyrings
[    0.702248] Key type blacklist registered
[    0.703138] workingset: timestamp_bits=36 max_order=19 bucket_order=0
[    0.706901] zbud: loaded
[    0.708248] squashfs: version 4.0 (2009/01/31) Phillip Lougher
[    0.709730] fuse init (API version 7.26)
[    0.712702] Key type asymmetric registered
[    0.713584] Asymmetric key parser 'x509' registered
[    0.714591] Block layer SCSI generic (bsg) driver version 0.4 loaded (major 246)
[    0.716600] io scheduler noop registered
[    0.717441] io scheduler deadline registered
[    0.718466] io scheduler cfq registered (default)
[    0.719982] ACPI: AC Adapter [AC] (on-line)
[    0.721070] input: Power Button as /devices/LNXSYSTM:00/LNXPWRBN:00/input/input0
[    0.722827] ACPI: Power Button [PWRF]
[    0.723857] input: Sleep Button as /devices/LNXSYSTM:00/LNXSLPBN:00/input/input1
[    0.725514] ACPI: Sleep Button [SLPF]
[    0.726611] Serial: 8250/16550 driver, 32 ports, IRQ sharing enabled
[    0.727829] ACPI: Battery Slot [BAT0] (battery present)
[    0.749785] 00:02: ttyS0 at I/O 0x3f8 (irq = 4, base_baud = 115200) is a 16550A
[    0.752593] Linux agpgart interface v0.103
[    0.754585] loop: module loaded
[    0.755905] scsi host0: ata_piix
[    0.756848] scsi host1: ata_piix
[    0.757570] ata1: PATA max UDMA/33 cmd 0x1f0 ctl 0x3f6 bmdma 0xd000 irq 14
[    0.758898] ata2: PATA max UDMA/33 cmd 0x170 ctl 0x376 bmdma 0xd008 irq 15
[    0.760841] libphy: Fixed MDIO Bus: probed
[    0.762052] tun: Universal TUN/TAP device driver, 1.6
[    0.763172] PPP generic driver version 2.4.2
[    0.764228] ehci_hcd: USB 2.0 'Enhanced' Host Controller (EHCI) Driver
[    0.765704] ehci-pci: EHCI PCI platform driver
[    0.766645] ehci-platform: EHCI generic platform driver
[    0.767676] ohci_hcd: USB 1.1 'Open' Host Controller (OHCI) Driver
[    0.769089] ohci-pci: OHCI PCI platform driver
[    0.770250] ohci-platform: OHCI generic platform driver
[    0.772165] uhci_hcd: USB Universal Host Controller Interface driver
[    0.773521] i8042: PNP: PS/2 Controller [PNP0303:PS2K,PNP0f03:PS2M] at 0x60,0x64 irq 1,12
[    0.775729] serio: i8042 KBD port at 0x60,0x64 irq 1
[    0.777273] serio: i8042 AUX port at 0x60,0x64 irq 12
[    0.778681] mousedev: PS/2 mouse device common for all mice
[    0.780713] input: AT Translated Set 2 keyboard as /devices/platform/i8042/serio0/input/input2
[    0.782778] rtc_cmos rtc_cmos: rtc core: registered rtc_cmos as rtc0
[    0.784135] rtc_cmos rtc_cmos: alarms up to one day, 114 bytes nvram
[    0.785460] i2c /dev entries driver
[    0.786254] device-mapper: uevent: version 1.0.3
[    0.787237] device-mapper: ioctl: 4.37.0-ioctl (2017-09-20) initialised: dm-devel@redhat.com
[    0.789150] ledtrig-cpu: registered to indicate activity on CPUs
[    0.790701] NET: Registered protocol family 10
[    0.795735] Segment Routing with IPv6
[    0.796638] NET: Registered protocol family 17
[    0.797623] Key type dns_resolver registered
[    0.798672] mce: Using 0 MCE banks
[    0.799404] RAS: Correctable Errors collector initialized.
[    0.800589] sched_clock: Marking stable (800565819, 0)->(1002221263, -201655444)
[    0.802385] registered taskstats version 1
[    0.803261] Loading compiled-in X.509 certificates
[    0.806697] Loaded X.509 cert 'Build time autogenerated kernel key: 51c91b167e8daada285dd448a981da05683ebd03'
[    0.809326] Loaded X.509 cert 'Canonical Ltd. Live Patch Signing: 14df34d1a87cf37625abec039ef2bf521249b969'
[    0.811849] Loaded X.509 cert 'Canonical Ltd. Kernel Module Signing: 88f752e560a1e0737e31163a466ad7b70a850c19'
[    0.814045] blacklist: Loading compiled-in revocation X.509 certificates
[    0.815805] Loaded X.509 cert 'Canonical Ltd. Secure Boot Signing: 61482aa2830d0ab2ad5af10b7250da9033ddcef0'
[    0.818044] zswap: loaded using pool lzo/zbud
[    0.821967] Key type big_key registered
[    0.822805] Key type trusted registered
[    0.825109] Key type encrypted registered
[    0.826121] AppArmor: AppArmor sha1 policy hashing enabled
[    0.827356] ima: No TPM chip found, activating TPM-bypass! (rc=-19)
[    0.828890] ima: Allocated hash algorithm: sha1
[    0.829913] evm: HMAC attrs: 0x1
[    0.830919]   Magic number: 10:527:290
[    0.831732] tty tty23: hash matches
[    0.832634] rtc_cmos rtc_cmos: setting system clock to 2022-02-27 17:16:28 UTC (1645982188)
[    0.834823] BIOS EDD facility v0.16 2004-Jun-25, 0 devices found
[    0.836025] EDD information not available.
[    0.949198] Freeing unused kernel image memory: 2476K
[    0.964516] Write protecting the kernel read-only data: 20480k
[    0.968622] Freeing unused kernel image memory: 2008K
[    0.970476] Freeing unused kernel image memory: 1820K
[    0.976223] x86/mm: Checked W+X mappings: passed, no W+X pages found.
[    0.977819] x86/mm: Checking user space page tables
[    0.984163] x86/mm: Checked W+X mappings: passed, no W+X pages found.
Loading, please wait...
starting version 237
[    1.044280] e1000: Intel(R) PRO/1000 Network Driver - version 7.3.21-k8-NAPI
[    1.046949] e1000: Copyright (c) 1999-2006 Intel Corporation.
[    1.056263] Fusion MPT base driver 3.04.20
[    1.057875] Copyright (c) 1999-2008 LSI Corporation
[    1.076518] Fusion MPT SPI Host driver 3.04.20
[    1.082321] AVX2 version of gcm_enc/dec engaged.
[    1.084570] AES CTR mode by8 optimization enabled
[    1.304030] input: ImExPS/2 Generic Explorer Mouse as /devices/platform/i8042/serio1/input/input4
[    1.519337] e1000 0000:00:03.0 eth0: (PCI:33MHz:32-bit) 02:3b:ab:4a:a3:42
[    1.522508] e1000 0000:00:03.0 eth0: Intel(R) PRO/1000 Network Connection
[    1.525697] mptbase: ioc0: Initiating bringup
[    2.488935] ioc0: LSI53C1030 A0: Capabilities={Initiator}
[    5.175725] scsi host2: ioc0: LSI53C1030 A0, FwRev=00000000h, Ports=1, MaxQ=256, IRQ=20
[    7.513253] scsi 2:0:0:0: Direct-Access     VBOX     HARDDISK         1.0  PQ: 0 ANSI: 5
[    8.169818] scsi target2:0:0: Beginning Domain Validation
[    8.220672] scsi target2:0:0: Domain Validation skipping write tests
[    8.222523] scsi target2:0:0: Ending Domain Validation
[    8.223837] scsi target2:0:0: asynchronous
[    8.225927] scsi 2:0:1:0: Direct-Access     VBOX     HARDDISK         1.0  PQ: 0 ANSI: 5
[    8.512682] scsi target2:0:1: Beginning Domain Validation
[    8.516855] random: fast init done
[    8.518300] scsi target2:0:1: Domain Validation skipping write tests
[    8.519694] scsi target2:0:1: Ending Domain Validation
[    8.521368] scsi target2:0:1: asynchronous
[    8.525984] random: systemd-udevd: uninitialized urandom read (16 bytes read)
[    8.526065] sd 2:0:0:0: Attached scsi generic sg0 type 0
[    8.528097] random: systemd-udevd: uninitialized urandom read (16 bytes read)
[    8.529421] sd 2:0:1:0: Attached scsi generic sg1 type 0
[    8.531109] random: systemd-udevd: uninitialized urandom read (16 bytes read)
[    8.534362] sd 2:0:0:0: [sda] 83886080 512-byte logical blocks: (42.9 GB/40.0 GiB)
[    8.534464] sd 2:0:1:0: [sdb] 20480 512-byte logical blocks: (10.5 MB/10.0 MiB)
[    8.537899] sd 2:0:0:0: [sda] Write Protect is off
[    8.537968] sd 2:0:1:0: [sdb] Write Protect is off
[    8.540171] sd 2:0:0:0: [sda] Incomplete mode parameter data
[    8.540340] sd 2:0:1:0: [sdb] Incomplete mode parameter data
[    8.541300] sd 2:0:0:0: [sda] Assuming drive cache: write through
[    8.542743] sd 2:0:1:0: [sdb] Assuming drive cache: write through
[    8.546616]  sda: sda1
[    8.547755] sd 2:0:0:0: [sda] Attached SCSI disk
[    8.557194] sd 2:0:1:0: [sdb] Attached SCSI disk
[    8.563879] e1000 0000:00:08.0 eth1: (PCI:33MHz:32-bit) 08:00:27:f6:06:21
[    8.565452] e1000 0000:00:08.0 eth1: Intel(R) PRO/1000 Network Connection
[    8.569353] e1000 0000:00:03.0 enp0s3: renamed from eth0
[    8.584838] e1000 0000:00:08.0 enp0s8: renamed from eth1
Begin: Loading essential drivers ... [   10.032076] raid6: sse2x1   gen() 12266 MB/s
[   10.080093] raid6: sse2x1   xor()  7665 MB/s
[   10.128061] raid6: sse2x2   gen() 16322 MB/s
[   10.176106] raid6: sse2x2   xor() 10876 MB/s
[   10.224105] raid6: sse2x4   gen() 16336 MB/s
[   10.272067] raid6: sse2x4   xor()  9723 MB/s
[   10.320083] raid6: avx2x1   gen() 25084 MB/s
[   10.368135] raid6: avx2x1   xor() 15099 MB/s
[   10.421351] raid6: avx2x2   gen() 31625 MB/s
[   10.468090] raid6: avx2x2   xor() 21266 MB/s
[   10.516071] raid6: avx2x4   gen() 30323 MB/s
[   10.564057] raid6: avx2x4   xor() 18541 MB/s
[   10.565770] raid6: using algorithm avx2x2 gen() 31625 MB/s
[   10.567644] raid6: .... xor() 21266 MB/s, rmw enabled
[   10.569887] raid6: using avx2x2 recovery algorithm
[   10.572631] xor: automatically using best checksumming function   avx       
[   10.575393] async_tx: api initialized (async)
done.
Begin: Running /scripts/init-premount ... done.
Begin: Mounting root file system ... Begin: Running /scripts/local-top ... done.
Begin: Running /scripts/local-premount ... [   10.620994] Btrfs loaded, crc32c=crc32c-intel
Scanning for Btrfs filesystems
done.
Warning: fsck not present, so skipping root file system
[   10.652098] EXT4-fs (sda1): mounted filesystem with ordered data mode. Opts: (null)
done.
Begin: Running /scripts/local-bottom ... done.
Begin: Running /scripts/init-bottom ... done.
[   10.839826] ip_tables: (C) 2000-2006 Netfilter Core Team
[   10.850220] systemd[1]: systemd 237 running in system mode. (+PAM +AUDIT +SELINUX +IMA +APPARMOR +SMACK +SYSVINIT +UTMP +LIBCRYPTSETUP +GCRYPT +GNUTLS +ACL +XZ +LZ4 +SECCOMP +BLKID +ELFUTILS +KMOD -IDN2 +IDN -PCRE2 default-hierarchy=hybrid)
[   10.854529] systemd[1]: Detected virtualization oracle.
[   10.855639] systemd[1]: Detected architecture x86-64.

Welcome to [1mUbuntu 18.04.6 LTS[0m!

[   10.861721] systemd[1]: Set hostname to <ubuntu>.
[   10.866463] systemd[1]: Initializing machine ID from random generator.
[   10.867828] systemd[1]: Installed transient /etc/machine-id file.
[   11.150637] systemd[1]: Reached target System Time Synchronized.
[[0;32m  OK  [0m] Reached target System Time Synchronized.
[   11.154051] systemd[1]: Reached target User and Group Name Lookups.
[[0;32m  OK  [0m] Reached target User and Group Name Lookups.
[   11.157309] systemd[1]: Started Forward Password Requests to Wall Directory Watch.
[[0;32m  OK  [0m] Started Forward Password Requests to Wall Directory Watch.
[   11.160512] systemd[1]: Reached target Swap.
[[0;32m  OK  [0m] Reached target Swap.
[[0;32m  OK  [0m] Created slice User and Session Slice.
[[0;32m  OK  [0m] Set up automount Arbitrary Executab…rmats File System Automount Point.
[[0;32m  OK  [0m] Created slice System Slice.
[[0;32m  OK  [0m] Listening on Journal Socket.
         Starting Set the console keyboard layout...
[[0;32m  OK  [0m] Listening on udev Control Socket.
         Mounting Kernel Debug File System...
[[0;32m  OK  [0m] Listening on fsck to fsckd communication Socket.
[[0;32m  OK  [0m] Listening on Syslog Socket.
[[0;32m  OK  [0m] Listening on Journal Audit Socket.
[[0;32m  OK  [0m] Listening on udev Kernel Socket.
[[0;32m  OK  [0m] Listening on LVM2 metadata daemon socket.
[[0;32m  OK  [0m] Reached target Slices.
[[0;32m  OK  [0m] Listening on Network Service Netlink Socket.
[[0;32m  OK  [0m] Listening on LVM2 poll daemon socket.
         Starting Create list of required st…ce nodes for the current kernel...
[[0;32m  OK  [0m] Listening on /dev/initctl Compatibility Named Pipe.
         Starting Uncomplicated firewall...
[[0;32m  OK  [0m] Created slice system-serial\x2dgetty.slice.
[[0;32m  OK  [0m] Listening on Device-mapper event daemon FIFOs.
         Starting Monitoring of LVM2 mirrors…ng dmeventd or progress polling...
         Starting udev Coldplug all Devices...
         Starting Load Kernel Modules...
         Mounting Huge Pages File System...
[[0;32m  OK  [0m] Listening on Journal Socket (/dev/log).
         Starting Journal Service...
         Starting File System Check on Root Device...
         Mounting POSIX Message Queue File System...
[[0;32m  OK  [0m] Mounted Kernel Debug File System.
[[0;32m  OK  [0m] Started Create list of required sta…vice nodes for the current kernel.
[[0;32m  OK  [0m] Started Uncomplicated firewall.
[[0;32m  OK  [0m] Mounted Huge Pages File System.
[[0;32m  OK  [0m] Mounted POSIX Message Queue File System.
[[0;32m  OK  [0m] Started LVM2 metadata daemon.
         Starting Create Static Device Nodes in /dev...
[   11.268918] Loading iSCSI transport class v2.0-870.
[   11.276183] iscsi: registered transport (tcp)
[[0;32m  OK  [0m] Started udev Coldplug all Devices.
[[0;32m  OK  [0m] Started File System Check Daemon to report status.
[[0;32m  OK  [0m] Started Journal Service.
[[0;32m  OK  [0m] Started Create Static Device Nodes in /dev.
[[0;32m  OK  [0m] Started File System Check on Root Device.
[   11.382678] iscsi: registered transport (iser)
         Starting Remount Root and Kernel File Systems...
[[0;32m  OK  [0m] Started Load Kernel Modules.
         Starting Apply Kernel Variables...
         Mounting FUSE Control File System...
         Mounting Kernel Configuration File System...
[[0;32m  OK  [0m] Mounted FUSE Control File System.
[[0;32m  OK  [0m] Mounted Kernel Configuration File System.
[[0;32m  OK  [0m] Started Monitoring of LVM2 mirrors,…sing dmeventd or progress polling.
[[0;32m  OK  [0m] Started Remount Root and Kernel File Systems.
         Starting Load/Save Random Seed...
         Starting udev Kernel Device Manager...
         Starting Flush Journal to Persistent Storage...
[[0;32m  OK  [0m] Started Apply Kernel Variables.
[[0;32m  OK  [0m] Started Load/Save Random Seed.
[[0;32m  OK  [0m] Started udev Kernel Device Manager.
[[0;32m  OK  [0m] Started Flush Journal to Persistent Storage.
[[0;32m  OK  [0m] Found device /dev/ttyS0.
[[0;32m  OK  [0m] Listening on Load/Save RF Kill Switch Status /dev/rfkill Watch.
[[0;32m  OK  [0m] Started Set the console keyboard layout.
[[0;32m  OK  [0m] Reached target Local File Systems (Pre).
[[0;32m  OK  [0m] Reached target Local File Systems.
         Starting AppArmor initialization...
         Starting Commit a transient machine-id on disk...
         Starting Tell Plymouth To Write Out Runtime Data...
         Starting Set console font and keymap...
         Starting ebtables ruleset management...
         Starting Create Volatile Files and Directories...
[[0;32m  OK  [0m] Started Dispatch Password Requests to Console Directory Watch.
[[0;32m  OK  [0m] Reached target Local Encrypted Volumes.
[[0;32m  OK  [0m] Started Tell Plymouth To Write Out Runtime Data.
[[0;32m  OK  [0m] Started Create Volatile Files and Directories.
         Starting Update UTMP about System Boot/Shutdown...
[[0;32m  OK  [0m] Started Commit a transient machine-id on disk.
[[0;32m  OK  [0m] Started Update UTMP about System Boot/Shutdown.
[[0;32m  OK  [0m] Started ebtables ruleset management.
[[0;32m  OK  [0m] Started AppArmor initialization.
         Starting Initial cloud-init job (pre-networking)...
         Starting Load AppArmor profiles managed internally by snapd...
[[0;32m  OK  [0m] Started Load AppArmor profiles managed internally by snapd.
[[0;32m  OK  [0m] Started Set console font and keymap.
[   14.300419] cloud-init[835]: Cloud-init v. 21.4-0ubuntu1~18.04.1 running 'init-local' at Sun, 27 Feb 2022 17:16:41 +0000. Up 13.97 seconds.
[[0;32m  OK  [0m] Started Initial cloud-init job (pre-networking).
[[0;32m  OK  [0m] Reached target Network (Pre).
         Starting Network Service...
[[0;32m  OK  [0m] Started Network Service.
         Starting Wait for Network to be Configured...
         Starting Network Name Resolution...
[[0;32m  OK  [0m] Started Network Name Resolution.
[[0;32m  OK  [0m] Reached target Network.
[[0;32m  OK  [0m] Reached target Host and Network Name Lookups.
[[0;32m  OK  [0m] Started Wait for Network to be Configured.
         Starting Initial cloud-init job (metadata service crawler)...
[   16.354786] cloud-init[1007]: Cloud-init v. 21.4-0ubuntu1~18.04.1 running 'init' at Sun, 27 Feb 2022 17:16:43 +0000. Up 16.22 seconds.
[   16.356723] cloud-init[1007]: ci-info: ++++++++++++++++++++++++++++++++++++++Net device info+++++++++++++++++++++++++++++++++++++++
[   16.358619] cloud-init[1007]: ci-info: +--------+-------+----------------------------+---------------+--------+-------------------+
[   16.360861] cloud-init[1007]: ci-info: | Device |   Up  |          Address           |      Mask     | Scope  |     Hw-Address    |
[   16.363442] cloud-init[1007]: ci-info: +--------+-------+----------------------------+---------------+--------+-------------------+
[   16.367440] cloud-init[1007]: ci-info: | enp0s3 |  True |         10.0.2.15          | 255.255.255.0 | global | 02:3b:ab:4a:a3:42 |
[   16.370874] cloud-init[1007]: ci-info: | enp0s3 |  True | fe80::3b:abff:fe4a:a342/64 |       .       |  link  | 02:3b:ab:4a:a3:42 |
[   16.373614] cloud-init[1007]: ci-info: | enp0s8 | False |             .              |       .       |   .    | 08:00:27:f6:06:21 |
[   16.375548] cloud-init[1007]: ci-info: |   lo   |  True |         127.0.0.1          |   255.0.0.0   |  host  |         .         |
[   16.377752] cloud-init[1007]: ci-info: |   lo   |  True |          ::1/128           |       .       |  host  |         .         |
[   16.379704] cloud-init[1007]: ci-info: +--------+-------+----------------------------+---------------+--------+-------------------+
[   16.381594] cloud-init[1007]: ci-info: ++++++++++++++++++++++++++++Route IPv4 info+++++++++++++++++++++++++++++
[   16.383357] cloud-init[1007]: ci-info: +-------+-------------+----------+-----------------+-----------+-------+
[   16.385480] cloud-init[1007]: ci-info: | Route | Destination | Gateway  |     Genmask     | Interface | Flags |
[   16.387213] cloud-init[1007]: ci-info: +-------+-------------+----------+-----------------+-----------+-------+
[   16.389190] cloud-init[1007]: ci-info: |   0   |   0.0.0.0   | 10.0.2.2 |     0.0.0.0     |   enp0s3  |   UG  |
[   16.393463] cloud-init[1007]: ci-info: |   1   |   10.0.2.0  | 0.0.0.0  |  255.255.255.0  |   enp0s3  |   U   |
[   16.396006] cloud-init[1007]: ci-info: |   2   |   10.0.2.2  | 0.0.0.0  | 255.255.255.255 |   enp0s3  |   UH  |
[   16.399131] cloud-init[1007]: ci-info: +-------+-------------+----------+-----------------+-----------+-------+
[   16.402033] cloud-init[1007]: ci-info: +++++++++++++++++++Route IPv6 info+++++++++++++++++++
[   16.406609] cloud-init[1007]: ci-info: +-------+-------------+---------+-----------+-------+
[   16.420278] cloud-init[1007]: ci-info: | Route | Destination | Gateway | Interface | Flags |
[   16.422146] cloud-init[1007]: ci-info: +-------+-------------+---------+-----------+-------+
[   16.424147] cloud-init[1007]: ci-info: |   1   |  fe80::/64  |    ::   |   enp0s3  |   U   |
[   16.436338] cloud-init[1007]: ci-info: |   3   |    local    |    ::   |   enp0s3  |   U   |
[   16.448341] cloud-init[1007]: ci-info: |   4   |   ff00::/8  |    ::   |   enp0s3  |   U   |
[   16.460379] cloud-init[1007]: ci-info: +-------+-------------+---------+-----------+-------+
[   17.045941] cloud-init[1007]: Generating public/private rsa key pair.
[   17.056318] cloud-init[1007]: Your identification has been saved in /etc/ssh/ssh_host_rsa_key.
[   17.057666] cloud-init[1007]: Your public key has been saved in /etc/ssh/ssh_host_rsa_key.pub.
[   17.058973] cloud-init[1007]: The key fingerprint is:
[   17.059738] cloud-init[1007]: SHA256:WmyQ7l1fRp/L4NyEl2W+DZPzizE6CteIFwoM3xygAfk root@ubuntu-bionic
[   17.061399] cloud-init[1007]: The key's randomart image is:
[   17.072344] cloud-init[1007]: +---[RSA 2048]----+
[   17.073060] cloud-init[1007]: | .o. .           |
[   17.084268] cloud-init[1007]: | .  o ..         |
[   17.085309] cloud-init[1007]: |  .o  o.      . o|
[   17.086190] cloud-init[1007]: |   E+.oo.    ..=+|
[   17.086833] cloud-init[1007]: |     +.oS..  oB=o|
[   17.087679] cloud-init[1007]: |     ..=o.+.oo*=+|
[   17.088571] cloud-init[1007]: |      o+.+ ..= =o|
[   17.089355] cloud-init[1007]: |        +  .. + .|
[   17.090125] cloud-init[1007]: |         ..... . |
[[   17.104248] cloud-init[1007]: +----[SHA256]-----+
[   17.104357] cloud-init[1007]: Generating public/private dsa key pair.
[   17.104968] cloud-init[1007]: Your identification has been saved in /etc/ssh/ssh_host_dsa_key.
[   17.105176] cloud-init[1007]: Your public key has been saved in /etc/ssh/ssh_host_dsa_key.pub.
[   17.106164] cloud-init[1007]: The key fingerprint is:
[   17.106917] cloud-init[1007]: SHA256:VvV1DWjjk8KqB5XD/hcUoTl8NUE3E3ewBTsbavGCFNI root@ubuntu-bionic
[   17.107745] cloud-init[1007]: The key's randomart image is:
[   17.107789] cloud-init[1007]: +---[DSA 1024]----+
[   17.108657] cloud-init[1007]: |        ... o+OOX|
[   17.109636] cloud-init[1007]: |         oE==o BB|
[   17.110422] cloud-init[1007]: |       . oBoo+*  |
[   17.111148] cloud-init[1007]: |        =oo+=+ + |
[   17.111199] cloud-init[1007]: |       oSo.o+.o  |
[0;32m  OK  [0m] Started Initial cloud-init job (metadata service crawler).
[   17.111451] cloud-init[1007]: |      ..o  ...   |
[   17.118546] cloud-init[1007]: |       o .   .   |
[[0;32m  OK  [0m[   17.128854] ] cloud-initReached target Network is Online.
[1007]: |      . . . .    |
[   17.131361] cloud-init[1007]: |       .   .     |
         [   17.148823] cloud-init[1007]: +----[SHA256]-----+
[   17.148991] cloud-init[1007]: Generating public/private ecdsa key pair.
[   17.150410] cloud-init[1007]: Your identification has been saved in /etc/ssh/ssh_host_ecdsa_key.
Starting Availability of block devices...
[[0;32m  OK  [0m] Reached target Remote File Systems (Pre).
[[0;32m  OK  [0m] Reached target Remote File Systems.
[[0;32m  OK  [0m] Reached target Cloud-config availability.
[   17.151309] [cloud-init[0;32m  OK  [0m] Reached target System Initialization.
[1007]: Your public key has been saved in /etc/ssh/ssh_host_ecdsa_key.pub.
[[0;32m  OK  [0m] Started Discard unused blocks once a week.
[   17.158919] [[0;32m  OK  [0m] Listening on cloud-init hotplug hook socket.
[[0;32m  OK  [0m] Started Message of the Day.
cloud-init[[0;32m  OK  [0m] Started Trigger to poll for Ubuntu …(Only enabled on GCP LTS non-pro).
[[0;32m  OK  [0m] Listening on ACPID Listen Socket.
[[0;32m  OK  [0m] Started ACPI Events Check.
[[0;32m  OK  [0m] Started Daily apt download activities.
[[0;32m  OK  [0m] Started Ubuntu Advantage Timer for running repeated jobs.
[[0;32m  OK  [0m] Started Daily apt upgrade and clean activities.
[[0;32m  OK  [0m] Listening on Open-iSCSI iscsid Socket.
[[0;32m  OK  [0m] Reached target Paths.
[1007]: [[0;32m  OK  [0m] Listening on D-Bus System Message Bus Socket.
[[0;32m  OK  [0m] Started Daily Cleanup of Temporary Directories.
[[0;32m  OK  [0m] Reached target Timers.
[[0;32m  OK  [0m] Listening on UUID daemon activation socket.
         Starting Socket activation for snappy daemon.
The key fingerprint is:         Starting LXD - unix socket.
[[0;32m  OK  [0m] Started Availability of block devices.
[[0;32m  OK  [0m] Listening on Socket activation for snappy daemon.

[   17.177945] cloud-init[1007]: SHA256:3pFna0MzJSNrh2lUNkZzTuhtLuhCkuRlfe6NkUVv5rs root@ubuntu-bionic[[0;32m  OK  [0m] Listening on LXD - unix socket.
[[0;32m  OK  [0m] Reached target Sockets.
[[0;32m  OK  [0m] Reached target Basic System.
         Starting Login Service...
         Starting LSB: automatic crash report generation...
         Starting System Logging Service...
         Starting Accounts Service...
         Starting Dispatcher daemon for systemd-networkd...
         Starting LSB: Record successful boot for GRUB...
         Starting Permit User Sessions...

[[0;32m  OK  [0m] Started Regular background program processing daemon.
[   17.198435] cloud-init[1007]: The key's randomart image is:
[   17.201181] [[0;32m  OK  [0m] Started D-Bus System Message Bus.
cloud-init[1007]: +---[ECDSA 256]---+
[   17.202817] cloud-init[1007]: |           .B.o  |
[   17.204192] cloud-init[1007]: |           +.*.  |
[   17.205602] cloud-init[1007]: |         .o.ooo. |
[   17.206993] cloud-init[1007]: |      . o..*o++ +|
[   17.208209] cloud-init[1007]: |     o +S O+B= + |
[   17.209279] cloud-init[1007]: |      +..+.*=+. .|
[   17.211421] cloud-init[1007]: |       o....+=  .|
[   17.212397] cloud-init[1007]: |        . ..o... |
[   17.213658] cloud-init[1007]: |         .     E.|
[   17.214467] cloud-init[1007]: +----[SHA256]-----+
[   17.215292] cloud-init[1007]: Generating public/private ed25519 key pair.
[   17.216506] cloud-init[1007]: Your identification has been saved in /etc/ssh/ssh_host_ed25519_key.
[   17.228302] cloud-init[1007]: Your public key has been saved in /etc/ssh/ssh_host_ed25519_key.pub.
[   17.229853] cloud-init[1007]: The key fingerprint is:
[   17.230684] cloud-init[1007]: SHA256:pRi11WpqQ1gFpkBTwszzDNyOuidTo7+Giepm0cskANA root@ubuntu-bionic
[   17.232091] cloud-init[1007]: The key's randomart image is:
[   17.244341] cloud-init[1007]: +--[ED25519 256]--+
[   17.245268] cloud-init[1007]: |o. *=o. +oo.     |
[   17.246288] cloud-init[1007]: |. E B+.+.o  .    |
[   17.247017] cloud-init[1007]: |.    Boo. ..     |
[   17.247769] cloud-init[1007]: |.   . =o.oo      |
[   17.260841] cloud-init[1007]: |. ..  ..So       |
[   17.262082] cloud-init[1007]: | o.oo   +        |
[   17.276352] cloud-init[1007]: | .=*.. . .       |
[   17.277327] cloud-init[1007]: |.oBoo            |
[   17.278279] cloud-init[1007]: |*. *o.           |
[   17.292288] cloud-init[1007]: +----[SHA256]-----+
[[0;32m  OK  [0m] Started Login Service.
[[0;32m  OK  [0m] Started Unattended Upgrades Shutdown.
         Starting LXD - container startup/shutdown...
[[0;32m  OK  [0m] Started FUSE filesystem for LXC.
[[0;32m  OK  [0m] Started irqbalance daemon.
         Starting Pollinate to seed the pseudo random number generator...
         Starting Snap Daemon...
         Starting Virtualbox guest utils...
[[0;32m  OK  [0m] Started Deferred execution scheduler.
[[0;32m  OK  [0m] Started System Logging Service.
[[0;32m  OK  [0m] Started Permit User Sessions.
         Starting Authorization Manager...
         Starting Hold until boot process finishes up...
         Starting Terminate Plymouth Boot Screen...
[[0;32m  OK  [0m] Started LSB: automatic crash report generation.
[[0;32m  OK  [0m] Started LXD - container startup/shutdown.
[[0;32m  OK  [0m] Started Hold until boot process finishes up.
[[0;32m  OK  [0m] Started Terminate Plymouth Boot Screen.
         Starting Set console scheme...
[[0;32m  OK  [0m] Started Serial Getty on ttyS0.
[[0;32m  OK  [0m] Started LSB: Record successful boot for GRUB.
[[0;32m  OK  [0m] Started Authorization Manager.
[[0;32m  OK  [0m] Started Accounts Service.
[[0;32m  OK  [0m] Started Set console scheme.
[[0;32m  OK  [0m] Created slice system-getty.slice.
[[0;32m  OK  [0m] Started Getty on tty1.
[[0;32m  OK  [0m] Reached target Login Prompts.
[[0;32m  OK  [0m] Started Virtualbox guest utils.
[[0;32m  OK  [0m] Started Dispatcher daemon for systemd-networkd.
[[0;32m  OK  [0m] Started Snap Daemon.
         Starting Wait until snapd is fully seeded...
         Starting Time & Date Service...
[[0;32m  OK  [0m] Started Time & Date Service.
[[0;32m  OK  [0m] Started Pollinate to seed the pseudo random number generator.
         Starting OpenBSD Secure Shell server...
[[0;32m  OK  [0m] Started OpenBSD Secure Shell server.
[[0;32m  OK  [0m] Created slice User Slice of vagrant.
         Starting User Manager for UID 1000...
[[0;32m  OK  [0m] Started Session 1 of user vagrant.
[[0;32m  OK  [0m] Started User Manager for UID 1000.
         Stopping User Manager for UID 1000...
[[0;32m  OK  [0m] Stopped User Manager for UID 1000.
[[0;32m  OK  [0m] Removed slice User Slice of vagrant.
[[0;32m  OK  [0m] Created slice User Slice of vagrant.
         Starting User Manager for UID 1000...
[[0;32m  OK  [0m] Started Session 3 of user vagrant.
[[0;32m  OK  [0m] Started Wait until snapd is fully seeded.
         Starting Apply the settings specified in cloud-config...
[[0;32m  OK  [0m] Reached target Multi-User System.
[[0;32m  OK  [0m] Reached target Graphical Interface.
         Starting Update UTMP about System Runlevel Changes...
[[0;32m  OK  [0m] Started User Manager for UID 1000.
[[0;32m  OK  [0m] Started Update UTMP about System Runlevel Changes.
[   23.166035] cloud-init[1865]: Cloud-init v. 21.4-0ubuntu1~18.04.1 running 'modules:config' at Sun, 27 Feb 2022 17:16:50 +0000. Up 22.79 seconds.
ci-info: no authorized SSH keys fingerprints found for user ubuntu.
<14>Feb 27 17:16:51 cloud-init: #############################################################
<14>Feb 27 17:16:51 cloud-init: -----BEGIN SSH HOST KEY FINGERPRINTS-----
<14>Feb 27 17:16:51 cloud-init: 1024 SHA256:VvV1DWjjk8KqB5XD/hcUoTl8NUE3E3ewBTsbavGCFNI root@ubuntu-bionic (DSA)
<14>Feb 27 17:16:51 cloud-init: 256 SHA256:3pFna0MzJSNrh2lUNkZzTuhtLuhCkuRlfe6NkUVv5rs root@ubuntu-bionic (ECDSA)
<14>Feb 27 17:16:51 cloud-init: 256 SHA256:pRi11WpqQ1gFpkBTwszzDNyOuidTo7+Giepm0cskANA root@ubuntu-bionic (ED25519)
<14>Feb 27 17:16:51 cloud-init: 2048 SHA256:WmyQ7l1fRp/L4NyEl2W+DZPzizE6CteIFwoM3xygAfk root@ubuntu-bionic (RSA)
<14>Feb 27 17:16:51 cloud-init: -----END SSH HOST KEY FINGERPRINTS-----
<14>Feb 27 17:16:51 cloud-init: #############################################################
-----BEGIN SSH HOST KEY KEYS-----
ecdsa-sha2-nistp256 AAAAE2VjZHNhLXNoYTItbmlzdHAyNTYAAAAIbmlzdHAyNTYAAABBBFI+Eb/iF4MI+eNmz6Ef0jZxWHJM/pweUdQyQ9EY27qj6j0hPFv7rAcC54xESsxp5GIDGMwCKrfng8HnJUQ1934= root@ubuntu-bionic
ssh-ed25519 AAAAC3NzaC1lZDI1NTE5AAAAIJHA76jEZGqEqFVxO0zMQfrmpvbcJ91+D+r8BUP6vfz0 root@ubuntu-bionic
ssh-rsa AAAAB3NzaC1yc2EAAAADAQABAAABAQCmZimoI48hXWNCja1yGuLOpn1asFdOZRadhiuwONmy7hIsJQda3dsMpGoGRzpi507TO0mUnMSZ9shhckgsGlcuew/MafgEpCrMB2QDn3mLrukOlVYop+WigSFTHFL5rFBttncQyxKt5JE/81xwIHY3ZFY1fLjy1aKCQ9fNy9hZRwKje3cCG9232aJIqMgFMg0g7nZhrA4pHeaZtnk2tJ17TvRczH48/zDXgnyziQzMWqlJ84S+bv/VRiO3Ql/xksnfFLrQOx9mTcQJFaQS8HciNWpsMaNrsPsKmPrZSqASx20eg7+qhoK79MtcjA/kg4xcUEBKTxHEwFGFaJWjf2vp root@ubuntu-bionic
-----END SSH HOST KEY KEYS-----
[   23.762376] cloud-init[2008]: Cloud-init v. 21.4-0ubuntu1~18.04.1 running 'modules:final' at Sun, 27 Feb 2022 17:16:51 +0000. Up 23.57 seconds.
[   23.762458] cloud-init[2008]: ci-info: no authorized SSH keys fingerprints found for user ubuntu.
[   23.762566] cloud-init[2008]: Cloud-init v. 21.4-0ubuntu1~18.04.1 finished at Sun, 27 Feb 2022 17:16:51 +0000. Datasource DataSourceNoCloud [seed=/dev/sdb][dsmode=net].  Up 23.75 seconds

Ubuntu 18.04.6 LTS ubuntu-bionic ttyS0

ubuntu-bionic login: 